-------------------------------------------------------------------------------
Test set: com.blogPessoal.app.controller.UsuarioControllerTest
-------------------------------------------------------------------------------
Tests run: 5, Failures: 1, Errors: 0, Skipped: 0, Time elapsed: 0.237 s <<< FAILURE! - in com.blogPessoal.app.controller.UsuarioControllerTest
getById  Time elapsed: 0.013 s  <<< FAILURE!
org.opentest4j.AssertionFailedError: expected: not <null>
	at com.blogPessoal.app.controller.UsuarioControllerTest.getById(UsuarioControllerTest.java:62)

